# JRE version: OpenJDK Runtime Environment (8.0_242-b01) (build 1.8.0_242-release-1644-b01)
# Java VM: OpenJDK 64-Bit Server VM (25.242-b01 mixed mode windows-amd64 compressed oops)
Heap:
 PSYoungGen      total 182784K, used 114523K [0x00000000d5580000, 0x00000000e4180000, 0x0000000100000000)
  eden space 155648K, 71% used [0x00000000d5580000,0x00000000dc26b868,0x00000000ded80000)
  from space 27136K, 11% used [0x00000000e2700000,0x00000000e29eb3b8,0x00000000e4180000)
  to   space 28160K, 0% used [0x00000000ded80000,0x00000000ded80000,0x00000000e0900000)
 ParOldGen       total 132608K, used 73464K [0x0000000080000000, 0x0000000088180000, 0x00000000d5580000)
  object space 132608K, 55% used [0x0000000080000000,0x00000000847be0d0,0x0000000088180000)
 Metaspace       used 85176K, capacity 89482K, committed 89560K, reserved 1126400K
  class space    used 11427K, capacity 12262K, committed 12288K, reserved 1048576K
GC Heap History (10 events):
Event: 58.690 GC heap before
{Heap before GC invocations=21 (full 3):
 PSYoungGen      total 133632K, used 133625K [0x00000000d5580000, 0x00000000e0680000, 0x0000000100000000)
  eden space 115200K, 100% used [0x00000000d5580000,0x00000000dc600000,0x00000000dc600000)
  from space 18432K, 99% used [0x00000000dc600000,0x00000000dd7fe570,0x00000000dd800000)
  to   space 22528K, 0% used [0x00000000df080000,0x00000000df080000,0x00000000e0680000)
 ParOldGen       total 132608K, used 36020K [0x0000000080000000, 0x0000000088180000, 0x00000000d5580000)
  object space 132608K, 27% used [0x0000000080000000,0x000000008232d140,0x0000000088180000)
 Metaspace       used 66775K, capacity 69776K, committed 69848K, reserved 1110016K
  class space    used 9055K, capacity 9675K, committed 9728K, reserved 1048576K
Event: 58.725 GC heap after
Heap after GC invocations=21 (full 3):
 PSYoungGen      total 154112K, used 22502K [0x00000000d5580000, 0x00000000e0e80000, 0x0000000100000000)
  eden space 131584K, 0% used [0x00000000d5580000,0x00000000d5580000,0x00000000dd600000)
  from space 22528K, 99% used [0x00000000df080000,0x00000000e0679b90,0x00000000e0680000)
  to   space 27136K, 0% used [0x00000000dd600000,0x00000000dd600000,0x00000000df080000)
 ParOldGen       total 132608K, used 40079K [0x0000000080000000, 0x0000000088180000, 0x00000000d5580000)
  object space 132608K, 30% used [0x0000000080000000,0x0000000082723d88,0x0000000088180000)
 Metaspace       used 66775K, capacity 69776K, committed 69848K, reserved 1110016K
  class space    used 9055K, capacity 9675K, committed 9728K, reserved 1048576K
}
Event: 68.943 GC heap before
{Heap before GC invocations=22 (full 3):
 PSYoungGen      total 154112K, used 154086K [0x00000000d5580000, 0x00000000e0e80000, 0x0000000100000000)
  eden space 131584K, 100% used [0x00000000d5580000,0x00000000dd600000,0x00000000dd600000)
  from space 22528K, 99% used [0x00000000df080000,0x00000000e0679b90,0x00000000e0680000)
  to   space 27136K, 0% used [0x00000000dd600000,0x00000000dd600000,0x00000000df080000)
 ParOldGen       total 132608K, used 40079K [0x0000000080000000, 0x0000000088180000, 0x00000000d5580000)
  object space 132608K, 30% used [0x0000000080000000,0x0000000082723d88,0x0000000088180000)
 Metaspace       used 70191K, capacity 73252K, committed 73560K, reserved 1112064K
  class space    used 9445K, capacity 10043K, committed 10112K, reserved 1048576K
Event: 69.133 GC heap after
Heap after GC invocations=22 (full 3):
 PSYoungGen      total 158720K, used 12350K [0x00000000d5580000, 0x00000000e2200000, 0x0000000100000000)
  eden space 131584K, 0% used [0x00000000d5580000,0x00000000d5580000,0x00000000dd600000)
  from space 27136K, 45% used [0x00000000dd600000,0x00000000de20f868,0x00000000df080000)
  to   space 25600K, 0% used [0x00000000e0900000,0x00000000e0900000,0x00000000e2200000)
 ParOldGen       total 132608K, used 57716K [0x0000000080000000, 0x0000000088180000, 0x00000000d5580000)
  object space 132608K, 43% used [0x0000000080000000,0x000000008385d058,0x0000000088180000)
 Metaspace       used 70191K, capacity 73252K, committed 73560K, reserved 1112064K
  class space    used 9445K, capacity 10043K, committed 10112K, reserved 1048576K
}
Event: 74.880 GC heap before
{Heap before GC invocations=23 (full 3):
 PSYoungGen      total 158720K, used 143934K [0x00000000d5580000, 0x00000000e2200000, 0x0000000100000000)
  eden space 131584K, 100% used [0x00000000d5580000,0x00000000dd600000,0x00000000dd600000)
  from space 27136K, 45% used [0x00000000dd600000,0x00000000de20f868,0x00000000df080000)
  to   space 25600K, 0% used [0x00000000e0900000,0x00000000e0900000,0x00000000e2200000)
 ParOldGen       total 132608K, used 57716K [0x0000000080000000, 0x0000000088180000, 0x00000000d5580000)
  object space 132608K, 43% used [0x0000000080000000,0x000000008385d058,0x0000000088180000)
 Metaspace       used 81935K, capacity 85728K, committed 85848K, reserved 1124352K
  class space    used 11117K, capacity 11873K, committed 11904K, reserved 1048576K
Event: 74.930 GC heap after
Heap after GC invocations=23 (full 3):
 PSYoungGen      total 181248K, used 22249K [0x00000000d5580000, 0x00000000e2680000, 0x0000000100000000)
  eden space 155648K, 0% used [0x00000000d5580000,0x00000000d5580000,0x00000000ded80000)
  from space 25600K, 86% used [0x00000000e0900000,0x00000000e1eba428,0x00000000e2200000)
  to   space 28160K, 0% used [0x00000000ded80000,0x00000000ded80000,0x00000000e0900000)
 ParOldGen       total 132608K, used 62199K [0x0000000080000000, 0x0000000088180000, 0x00000000d5580000)
  object space 132608K, 46% used [0x0000000080000000,0x0000000083cbde68,0x0000000088180000)
 Metaspace       used 81935K, capacity 85728K, committed 85848K, reserved 1124352K
  class space    used 11117K, capacity 11873K, committed 11904K, reserved 1048576K
}
Event: 79.329 GC heap before
{Heap before GC invocations=24 (full 3):
 PSYoungGen      total 181248K, used 177897K [0x00000000d5580000, 0x00000000e2680000, 0x0000000100000000)
  eden space 155648K, 100% used [0x00000000d5580000,0x00000000ded80000,0x00000000ded80000)
  from space 25600K, 86% used [0x00000000e0900000,0x00000000e1eba428,0x00000000e2200000)
  to   space 28160K, 0% used [0x00000000ded80000,0x00000000ded80000,0x00000000e0900000)
 ParOldGen       total 132608K, used 62199K [0x0000000080000000, 0x0000000088180000, 0x00000000d5580000)
  object space 132608K, 46% used [0x0000000080000000,0x0000000083cbde68,0x0000000088180000)
 Metaspace       used 84526K, capacity 88646K, committed 88792K, reserved 1126400K
  class space    used 11366K, capacity 12166K, committed 12288K, reserved 1048576K
Event: 79.385 GC heap after
Heap after GC invocations=24 (full 3):
 PSYoungGen      total 183808K, used 10500K [0x00000000d5580000, 0x00000000e4180000, 0x0000000100000000)
  eden space 155648K, 0% used [0x00000000d5580000,0x00000000d5580000,0x00000000ded80000)
  from space 28160K, 37% used [0x00000000ded80000,0x00000000df7c1280,0x00000000e0900000)
  to   space 27136K, 0% used [0x00000000e2700000,0x00000000e2700000,0x00000000e4180000)
 ParOldGen       total 132608K, used 66155K [0x0000000080000000, 0x0000000088180000, 0x00000000d5580000)
  object space 132608K, 49% used [0x0000000080000000,0x000000008409ae20,0x0000000088180000)
 Metaspace       used 84526K, capacity 88646K, committed 88792K, reserved 1126400K
  class space    used 11366K, capacity 12166K, committed 12288K, reserved 1048576K
}
Event: 80.246 GC heap before
{Heap before GC invocations=25 (full 3):
 PSYoungGen      total 183808K, used 166148K [0x00000000d5580000, 0x00000000e4180000, 0x0000000100000000)
  eden space 155648K, 100% used [0x00000000d5580000,0x00000000ded80000,0x00000000ded80000)
  from space 28160K, 37% used [0x00000000ded80000,0x00000000df7c1280,0x00000000e0900000)
  to   space 27136K, 0% used [0x00000000e2700000,0x00000000e2700000,0x00000000e4180000)
 ParOldGen       total 132608K, used 66155K [0x0000000080000000, 0x0000000088180000, 0x00000000d5580000)
  object space 132608K, 49% used [0x0000000080000000,0x000000008409ae20,0x0000000088180000)
 Metaspace       used 84995K, capacity 89272K, committed 89560K, reserved 1126400K
  class space    used 11416K, capacity 12249K, committed 12288K, reserved 1048576K
Event: 80.284 GC heap after
Heap after GC invocations=25 (full 3):
 PSYoungGen      total 182784K, used 2988K [0x00000000d5580000, 0x00000000e4180000, 0x0000000100000000)
  eden space 155648K, 0% used [0x00000000d5580000,0x00000000d5580000,0x00000000ded80000)
  from space 27136K, 11% used [0x00000000e2700000,0x00000000e29eb3b8,0x00000000e4180000)
  to   space 28160K, 0% used [0x00000000ded80000,0x00000000ded80000,0x00000000e0900000)
 ParOldGen       total 132608K, used 73464K [0x0000000080000000, 0x0000000088180000, 0x00000000d5580000)
  object space 132608K, 55% used [0x0000000080000000,0x00000000847be0d0,0x0000000088180000)
 Metaspace       used 84995K, capacity 89272K, committed 89560K, reserved 1126400K
  class space    used 11416K, capacity 12249K, committed 12288K, reserved 1048576K
}

